[11:02:43]START[2]
[11:03:53]START[2]
[11:06:50]START[2]
java.lang.ArrayIndexOutOfBoundsException: Index 20 out of bounds for length 20
	at im.hyphen.util.DUtil.Select_SendData(DUtil.java:156)
	at im.hyphen.sender.MsgSender.run(MsgSender.java:25)

[11:06:51]CLIENT->KSNET=[KSDEBIT  KONEPS01890800800150000020221123110154                                     089                                                                                                                                                                                                                     ][L:300]
[11:06:51]KSNET->CLIENT=[null][L:300]
[11:07:55]START[2]
java.lang.ArrayIndexOutOfBoundsException: Index 20 out of bounds for length 20
	at im.hyphen.util.DUtil.Select_SendData(DUtil.java:156)
	at im.hyphen.sender.MsgSender.run(MsgSender.java:25)

[11:07:56]CLIENT->KSNET=[KSDEBIT  KONEPS01890800800150000020221123110154                                     089                                                                                                                                                                                                                     ][L:300]
[11:07:56]KSNET->CLIENT=[null][L:300]
[11:08:36]START[2]
java.lang.ArrayIndexOutOfBoundsException: Index 20 out of bounds for length 20
	at im.hyphen.util.DUtil.Select_SendData(DUtil.java:161)
	at im.hyphen.sender.MsgSender.run(MsgSender.java:25)

[11:08:36]CLIENT->KSNET=[KSDEBIT  KONEPS01890800800150000020221123110154                                     089                                                                                                                                                                                                                     ][L:300]
[11:08:36]KSNET->CLIENT=[null][L:300]
[11:08:52]START[2]
java.lang.ArrayIndexOutOfBoundsException: Index 20 out of bounds for length 20
	at im.hyphen.util.DUtil.Select_SendData(DUtil.java:160)
	at im.hyphen.sender.MsgSender.run(MsgSender.java:25)

[11:08:52]CLIENT->KSNET=[KSDEBIT  KONEPS01890800800150000020221123110154                                     089                                                                                                                                                                                                                     ][L:300]
[11:08:52]KSNET->CLIENT=[null][L:300]
[11:09:37]START[2]
java.lang.ArrayIndexOutOfBoundsException: Index 20 out of bounds for length 20
	at im.hyphen.util.DUtil.Select_SendData(DUtil.java:160)
	at im.hyphen.sender.MsgSender.run(MsgSender.java:24)

[11:09:37]CLIENT->KSNET=[KSDEBIT  KONEPS01890800800150000020221123110154                                     089                                                                                                                                                                                                                     ][L:300]
[11:09:37]KSNET->CLIENT=[null][L:300]
[11:10:55]START[2]
java.lang.ArrayIndexOutOfBoundsException: Index 20 out of bounds for length 20
	at im.hyphen.util.DUtil.Select_SendData(DUtil.java:161)
	at im.hyphen.sender.MsgSender.run(MsgSender.java:24)

[11:10:56]CLIENT->KSNET=[KSDEBIT  KONEPS01890800800150000020221123110154                                     089                                                                                                                                                                                                                     ][L:300]
[11:10:56]KSNET->CLIENT=[null][L:300]
[11:11:11]START[2]
java.lang.ArrayIndexOutOfBoundsException: Index 20 out of bounds for length 20
	at im.hyphen.util.DUtil.Select_SendData(DUtil.java:161)
	at im.hyphen.sender.MsgSender.run(MsgSender.java:24)

[11:11:11]CLIENT->KSNET=[KSDEBIT  KONEPS01890800800150000020221123110154                                     089                                                                                                                                                                                                                     ][L:300]
[11:11:11]KSNET->CLIENT=[null][L:300]
[11:13:27]START[2]
java.lang.ArrayIndexOutOfBoundsException: Index 20 out of bounds for length 20
	at im.hyphen.util.DUtil.Select_SendData(DUtil.java:162)
	at im.hyphen.sender.MsgSender.run(MsgSender.java:24)

[11:13:27]CLIENT->KSNET=[KSDEBIT  KONEPS01890800800150000020221123110154                                     089                                                                                                                                                                                                                     ][L:300]
[11:13:27]KSNET->CLIENT=[null][L:300]
[11:14:50]START[2]
[11:14:51]CLIENT->KSNET=[KSDEBIT  KONEPS01890800800150000020221123110154                                     089                                                                                                                                                                                                                     ][L:300]
[11:14:51]KSNET->CLIENT=[null][L:300]
[11:15:43]START[2]
[11:15:55]START[2]
[13:12:53]START[2]
[13:12:54]CLIENT->KSNET=[KSDEBIT  KONEPS01890800800150000020221123110154                                     089                                                                                                                                                                                                                     ][L:300]
[13:12:54]KSNET->CLIENT=[null][L:300]
[13:21:06]START[2]
[13:21:06]CLIENT->KSNET=[KSDEBIT  KONEPS01890800800150000020221123110154                                     089                                                                                                                                                                                                                     ][L:300]
[13:21:07]KSNET->CLIENT=[null][L:300]
[13:30:19]START[2]
[13:30:19]CLIENT->KSNET=[KSDEBIT  KONEPS01890800800150000020221123110154                                     089                                                                                                                                                                                                                     ][L:300]
[13:30:19]KSNET->CLIENT=[null][L:300]
[13:32:30]START[2]
[13:32:30]CLIENT->KSNET=[KSDEBIT  KONEPS01890800800150000020221123110154                                     089                                                                                                                                                                                                                     ][L:300]
[13:32:30]KSNET->CLIENT=[null][L:300]
[13:35:12]START[2]
[13:35:23]CLIENT->KSNET=[KSDEBIT  KONEPS01890800800150000020221123110154                                     089                                                                                                                                                                                                                     ][L:300]
[13:35:23]KSNET->CLIENT=[null][L:300]
[13:50:15]START[2]
[13:50:23]CLIENT->KSNET=[KSDEBIT  KONEPS01890800800150000020221123110154                                     089                                                                                                                                                                                                                     ][L:300]
[13:50:23]KSNET->CLIENT=[null][L:300]
[16:00:29]START[2]
[16:00:45]START[2]
[16:01:15]START[2]
[16:01:40]START[2]
[16:01:56]START[2]
[16:03:55]START[2]
[16:04:04]CLIENT->KSNET=[KSDEBIT  KONEPS01890800800150000020221123110154                                     089                                                                                                                                                                                                                     ][L:300]
[16:04:04]CLIENT->KSNET=[KSDEBIT  KONEPS01890800800150000020221123110154                                     089                                                                                                                                                                                                                     ][L:300]
[16:04:04]CLIENT->KSNET=[KSDEBIT  KONEPS01890800800150000020221123110154                                     089                                                                                                                                                                                                                     ][L:300]
[16:04:04]KSNET->CLIENT=[null][L:300]
[16:08:39]START[2]
[16:09:24]START[2]
[16:11:18]START[2]
[16:12:07]START[2]
[16:12:07]CLIENT->KSNET=[KSDEBIT  KONEPS01890800800150000020221123110154                                     089                                                                                                                                                                                                                     ][L:300]
[16:12:07]KSNET->CLIENT=[null][L:300]
[16:33:11]START[2]
[16:33:32]START[2]
[16:34:11]CLIENT->KSNET=[KSDEBIT  KONEPS01890800800150000020221123110154                                     089                                                                                                                                                                                                                     ][L:300]
[16:34:11]KSNET->CLIENT=[null][L:300]
[16:35:21]START[2]
[16:35:34]CLIENT->KSNET=[KSDEBIT  KONEPS01890800800150000020221123110154                                     089                                                                                                                                                                                                                     ][L:300]
[16:35:34]KSNET->CLIENT=[null][L:300]
[16:39:25]START[2]
[16:40:51]CLIENT->KSNET=[KSDEBIT  KONEPS01890800800150000020221123110154                                     089                                                                                                                                                                                                                     ][L:300]
[16:40:51]KSNET->CLIENT=[null][L:300]
[17:05:20]START[2]
[17:05:20]CLIENT->KSNET=[KSDEBIT  KONEPS01890800800150000020221123110154                                     089                                                                                                                                                                                                                     ][L:300]
[17:05:20]KSNET->CLIENT=[null][L:300]
[17:05:40]START[2]
[17:06:01]CLIENT->KSNET=[KSDEBIT  KONEPS01890800800150000020221123110154                                     089                                                                                                                                                                                                                     ][L:300]
[17:06:01]KSNET->CLIENT=[null][L:300]
