[09:34:15]REQ_MSG=[         KONEPS01  0800800190000220221104093415                                     089                                                                                                                                                                                                                     ] L:300 SVC_CODE:1000
[09:34:15]RPY_MSG=[         KONEPS01890810800190000220221104093415    0000                             089                                                                                                                                                                                                                     ] L:300
[15:00:17]ERROR: rcv_socket closed (-1)bytes recv
[15:00:17]ERROR rcv_socket REQ_MSG=[         KONEPS01890800800190000220221104150016                                     089                                                                                                                                                                                                                     ]
[15:13:37]ERROR: rcv_socket closed (-1)bytes recv
[15:13:37]ERROR rcv_socket REQ_MSG=[KSDEBIT  KONEPS01890800800190000220221104151337                                     089                                                                                                                                                                                                                     ]
[15:18:22]ERROR: rcv_socket closed (-1)bytes recv
[15:18:22]ERROR rcv_socket REQ_MSG=[KSDEBIT  KONEPS01890800800190000220221104151822                                     089                                                                                                                                                                                                                     ]
[15:35:28]RPY_MSG=[KSDEBIT  KONEPS01890810800190000220221104153513    0000                             089                                                                                                                                                                                                                     ] L:300
[15:35:30]KSNET->CLIENT=[KSDEBIT  KONEPS01890810800190000220221104153513    0000                             089                                                                                                                                                                                                                     ][L:300]
[15:36:10]ERROR rcv_socket REQ_MSG=[KSDEBIT  KONEPS01890800800190000220221104153605                                     089                                                                                                                                                                                                                     ]
[15:38:49]RPY_MSG=[KSDEBIT  KONEPS01890810800190000220221104153848    0000                             089                                                                                                                                                                                                                     ] L:300
[15:38:49]KSNET->CLIENT=[KSDEBIT  KONEPS01890810800190000220221104153848    0000                             089                                                                                                                                                                                                                     ][L:300]
[15:38:56]socket is null!!!
[15:38:56]RPY_MSG=[KSDEBIT  KONEPS01890810800190000220221104153855    0000                             089                                                                                                                                                                                                                     ] L:300
[15:38:56]RPY_MSG=[KSDEBIT  KONEPS01890810800190000220221104153855    0000                             089                                                                                                                                                                                                                     ] L:300
[15:38:56]KSNET->CLIENT=[KSDEBIT  KONEPS01890810800190000220221104153855    0000                             089                                                                                                                                                                                                                     ][L:300]
[15:38:59]socket is null!!!
[15:38:59]RPY_MSG=[KSDEBIT  KONEPS01890810800190000220221104153858    0000                             089                                                                                                                                                                                                                     ] L:300
[15:38:59]RPY_MSG=[KSDEBIT  KONEPS01890810800190000220221104153858    0000                             089                                                                                                                                                                                                                     ] L:300
[15:38:59]KSNET->CLIENT=[KSDEBIT  KONEPS01890810800190000220221104153858    0000                             089                                                                                                                                                                                                                     ][L:300]
[15:39:37]socket is null!!!
[15:39:37]RPY_MSG=[KSDEBIT  KONEPS01890810800190000220221104153936    0000                             089                                                                                                                                                                                                                     ] L:300
[15:39:37]RPY_MSG=[KSDEBIT  KONEPS01890810800190000220221104153936    0000                             089                                                                                                                                                                                                                     ] L:300
[15:39:37]KSNET->CLIENT=[KSDEBIT  KONEPS01890810800190000220221104153936    0000                             089                                                                                                                                                                                                                     ][L:300]
[15:39:41]socket is null!!!
[15:39:41]RPY_MSG=[KSDEBIT  KONEPS01890810800190000220221104153940    0000                             089                                                                                                                                                                                                                     ] L:300
[15:39:41]RPY_MSG=[KSDEBIT  KONEPS01890810800190000220221104153940    0000                             089                                                                                                                                                                                                                     ] L:300
[15:39:41]KSNET->CLIENT=[KSDEBIT  KONEPS01890810800190000220221104153940    0000                             089                                                                                                                                                                                                                     ][L:300]
[15:39:44]socket is null!!!
[15:39:44]RPY_MSG=[KSDEBIT  KONEPS01890810800190000220221104153943    0000                             089                                                                                                                                                                                                                     ] L:300
[15:39:44]RPY_MSG=[KSDEBIT  KONEPS01890810800190000220221104153943    0000                             089                                                                                                                                                                                                                     ] L:300
[15:39:44]KSNET->CLIENT=[KSDEBIT  KONEPS01890810800190000220221104153943    0000                             089                                                                                                                                                                                                                     ][L:300]
[15:39:46]socket is null!!!
[15:39:47]RPY_MSG=[KSDEBIT  KONEPS01890810800190000220221104153946    0000                             089                                                                                                                                                                                                                     ] L:300
[15:39:47]RPY_MSG=[KSDEBIT  KONEPS01890810800190000220221104153946    0000                             089                                                                                                                                                                                                                     ] L:300
[15:39:47]KSNET->CLIENT=[KSDEBIT  KONEPS01890810800190000220221104153946    0000                             089                                                                                                                                                                                                                     ][L:300]
[15:39:48]socket is null!!!
[15:39:48]RPY_MSG=[KSDEBIT  KONEPS01890810800190000220221104153947    0000                             089                                                                                                                                                                                                                     ] L:300
[15:39:48]RPY_MSG=[KSDEBIT  KONEPS01890810800190000220221104153947    0000                             089                                                                                                                                                                                                                     ] L:300
[15:39:48]KSNET->CLIENT=[KSDEBIT  KONEPS01890810800190000220221104153947    0000                             089                                                                                                                                                                                                                     ][L:300]
[15:39:51]socket is null!!!
[15:39:51]RPY_MSG=[KSDEBIT  KONEPS01890810800190000220221104153950    0000                             089                                                                                                                                                                                                                     ] L:300
[15:39:51]RPY_MSG=[KSDEBIT  KONEPS01890810800190000220221104153950    0000                             089                                                                                                                                                                                                                     ] L:300
[15:39:51]KSNET->CLIENT=[KSDEBIT  KONEPS01890810800190000220221104153950    0000                             089                                                                                                                                                                                                                     ][L:300]
[15:39:52]socket is null!!!
[15:39:52]RPY_MSG=[KSDEBIT  KONEPS01890810800190000220221104153952    0000                             089                                                                                                                                                                                                                     ] L:300
[15:39:52]RPY_MSG=[KSDEBIT  KONEPS01890810800190000220221104153952    0000                             089                                                                                                                                                                                                                     ] L:300
[15:39:52]KSNET->CLIENT=[KSDEBIT  KONEPS01890810800190000220221104153952    0000                             089                                                                                                                                                                                                                     ][L:300]
[15:39:54]socket is null!!!
[15:39:54]RPY_MSG=[KSDEBIT  KONEPS01890810800190000220221104153953    0000                             089                                                                                                                                                                                                                     ] L:300
[15:39:54]RPY_MSG=[KSDEBIT  KONEPS01890810800190000220221104153953    0000                             089                                                                                                                                                                                                                     ] L:300
[15:39:54]KSNET->CLIENT=[KSDEBIT  KONEPS01890810800190000220221104153953    0000                             089                                                                                                                                                                                                                     ][L:300]
[15:39:55]socket is null!!!
[15:39:55]RPY_MSG=[KSDEBIT  KONEPS01890810800190000220221104153955    0000                             089                                                                                                                                                                                                                     ] L:300
[15:39:55]RPY_MSG=[KSDEBIT  KONEPS01890810800190000220221104153955    0000                             089                                                                                                                                                                                                                     ] L:300
[15:39:55]KSNET->CLIENT=[KSDEBIT  KONEPS01890810800190000220221104153955    0000                             089                                                                                                                                                                                                                     ][L:300]
[15:39:58]socket is null!!!
[15:39:58]RPY_MSG=[KSDEBIT  KONEPS01890810800190000220221104153957    0000                             089                                                                                                                                                                                                                     ] L:300
[15:39:58]RPY_MSG=[KSDEBIT  KONEPS01890810800190000220221104153957    0000                             089                                                                                                                                                                                                                     ] L:300
[15:39:58]KSNET->CLIENT=[KSDEBIT  KONEPS01890810800190000220221104153957    0000                             089                                                                                                                                                                                                                     ][L:300]
[16:22:06]RPY_MSG=[KSDEBIT  KONEPS01890810800190000220221104162205    0000                             089                                                                                                                                                                                                                     ] L:300
[16:22:06]KSNET->CLIENT=[KSDEBIT  KONEPS01890810800190000220221104162205    0000                             089                                                                                                                                                                                                                     ][L:300]
[16:22:53]RPY_MSG=[KSDEBIT  KONEPS01890810800190000220221104162246    0000                             089                                                                                                                                                                                                                     ] L:300
[16:22:57]KSNET->CLIENT=[KSDEBIT  KONEPS01890810800190000220221104162246    0000                             089                                                                                                                                                                                                                     ][L:300]
