[11:54:46]ERROR: rcv_socket closed (-1)bytes recv
[11:54:46]ERROR rcv_socket REQ_MSG=[         KONEPS01  0100100190000120221109115445                                     089             70110000010023               0000000000100                1002000058033           115445KSC5601                                                                020                                      ]
[11:57:48]CLIENT->KSNET=[         KONEPS01  0100100190000120221109115748                                     089             70110000010023               0000000000100                1002000058033           115748KSC5601                                                                020                                      ][L:300]
[11:57:48]ERROR: rcv_socket closed (-1)bytes recv
[11:57:48]ERROR rcv_socket REQ_MSG=[         KONEPS01  0100100190000120221109115748                                     089             70110000010023               0000000000100                1002000058033           115748KSC5601                                                                020                                      ]
[11:59:31]CLIENT->KSNET=[         KONEPS01  0100100190000120221109115930                                     089             70110000010023               0000000000100                1002000058033           115930KSC5601                                                                020                                     ][L:299]
[11:59:32]ERROR: rcv_socket closed (-1)bytes recv
[11:59:32]ERROR rcv_socket REQ_MSG=[         KONEPS01  0100100190000120221109115930                                     089             70110000010023               0000000000100                1002000058033           115930KSC5601                                                                020                                     ]
[12:00:25]ERROR: rcv_socket closed (-1)bytes recv
[12:00:25]ERROR rcv_socket REQ_MSG=[         KONEPS01  0100100190000120221109120023                                     089             70110000010023               0000000000100                1002000058033           120023KSC5601                                                                020                                     ]
[12:02:05]CLIENT->KSNET=[         KONEPS01  0100100190000120221109120205                                     089             70110000010023               0000000000100                1002000058033           120205KSC5601                                                                020                                      ][L:300]
[12:02:05]ERROR: rcv_socket closed (-1)bytes recv
[12:02:05]ERROR rcv_socket REQ_MSG=[         KONEPS01  0100100190000120221109120205                                     089             70110000010023               0000000000100                1002000058033           120205KSC5601                                                                020                                      ]
[12:05:14]CLIENT->KSNET=[KSDEBIT  DEBIT001  0600300100009620221109120513                                     039                                                                                                                                                                                                                     ][L:300]
[12:05:14]KSNET->CLIENT=[null][L:300]
[12:05:14]RPY_MSG=[KSDEBIT  DEBIT001  0610300100009620221109120513    KS32                             039                                                                                                                                                                                                                     ] L:300
[12:06:24]CLIENT->KSNET=[         KONEPS01  0100100190000120221109120623                                     089             70110000010023               0000000000100                1002000058033           120623KSC5601                                                                020                                      ][L:300]
[12:06:24]ERROR: rcv_socket closed (-1)bytes recv
[12:06:24]ERROR rcv_socket REQ_MSG=[         KONEPS01  0100100190000120221109120623                                     089             70110000010023               0000000000100                1002000058033           120623KSC5601                                                                020                                      ]
[12:12:29]ERROR: rcv_socket closed (-1)bytes recv
[12:12:29]ERROR rcv_socket REQ_MSG=[         KONEPS01  0100100190000120221109121228                                     089             70110000010023               0000000000100                1002000058033           121228KSC5601                                                                020                                      ]
[12:15:43]ERROR: rcv_socket closed (-1)bytes recv
[13:04:47]RPY_MSG=[KSBPAY   KONEPS01  0110100190000120221109130446    KS05                             089             70110000010023               0000000000100                1002000058033           130446KSC5601                                                                020                                      ] L:300
[13:06:51]CLIENT->KSNET=[KSBPAY   KONEPS01  0100100190000220221109130650                                     089             70110000010023               0000000000100                1002000058033           130650KSC5601                                                                020                                      ][L:300]
[13:06:58]KSNET->CLIENT=[null][L:300]
[13:06:58]RPY_MSG=[         KONEPS01890110100190000220221109130656    3003                             089             70110000010023               0000000000100 0005000000000  1002000058033  000000000130656KSC5601                                                                020                                      ] L:300
[13:08:51]CLIENT->KSNET=[KSBPAY   KONEPS01  0600300100000720221109130851                                     089             70110000010023                                                                                                                                                                                          ][L:300]
[13:08:51]KSNET->CLIENT=[null][L:300]
[13:08:51]RPY_MSG=[KSBPAY   KONEPS01  0610300100000720221109130851    0000                             089             70110000010023  0005000000000                                       0005000000000                                                                                                                       ] L:300
